\BOOKMARK [1][-]{section*.2}{\376\377\000I\000n\000t\000r\000o\000d\000u\000c\000t\000i\000o\000n\000\040\000a\000n\000d\000\040\000F\000u\000n\000d\000a\000m\000e\000n\000t\000a\000l\000s}{}% 1
\BOOKMARK [1][-]{section*.3}{\376\377\000F\000i\000l\000e\000\040\000F\000o\000r\000m\000a\000t\000s}{}% 2
\BOOKMARK [2][-]{section*.4}{\376\377\000S\000e\000n\000s\000o\000r\000\040\000L\000o\000c\000a\000t\000i\000o\000n\000s}{section*.3}% 3
\BOOKMARK [2][-]{section*.5}{\376\377\000G\000a\000t\000e\000w\000a\000y\000\040\000L\000o\000c\000a\000t\000i\000o\000n\000s}{section*.3}% 4
\BOOKMARK [2][-]{section*.6}{\376\377\000D\000E\000M\000s}{section*.3}% 5
\BOOKMARK [2][-]{section*.7}{\376\377\000E\000x\000p\000o\000r\000t\000s}{section*.3}% 6
\BOOKMARK [1][-]{section*.8}{\376\377\000G\000e\000o\000g\000r\000a\000p\000h\000i\000c\000\040\000P\000r\000o\000j\000e\000c\000t\000i\000o\000n}{}% 7
\BOOKMARK [1][-]{section*.9}{\376\377\000R\000e\000a\000d\000i\000n\000g\000\040\000D\000E\000M\000s}{}% 8
\BOOKMARK [1][-]{section*.10}{\376\377\000P\000a\000t\000h\000\040\000L\000o\000s\000s\000\040\000M\000o\000d\000e\000l\000s\000\040\000a\000n\000d\000\040\000R\000S\000S\000I}{}% 9
\BOOKMARK [2][-]{section*.11}{\376\377\000F\000u\000n\000d\000a\000m\000e\000n\000t\000a\000l\000s}{section*.10}% 10
\BOOKMARK [2][-]{section*.12}{\376\377\000F\000r\000e\000e\000\040\000S\000p\000a\000c\000e\000\040\000P\000a\000t\000h\000\040\000L\000o\000s\000s\000\040\000\050\000F\000S\000P\000L\000\051}{section*.10}% 11
\BOOKMARK [2][-]{section*.13}{\376\377\000M\000a\000n\000h\000a\000t\000t\000a\000n}{section*.10}% 12
\BOOKMARK [2][-]{section*.14}{\376\377\000H\000a\000t\000a}{section*.10}% 13
\BOOKMARK [2][-]{section*.15}{\376\377\000L\000e\000e}{section*.10}% 14
\BOOKMARK [2][-]{section*.16}{\376\377\000C\000o\000s\000t\0002\0003\0001}{section*.10}% 15
\BOOKMARK [2][-]{section*.17}{\376\377\000E\000r\000i\000c\000s\000s\000o\000n}{section*.10}% 16
\BOOKMARK [1][-]{section*.18}{\376\377\000L\000i\000n\000e\000\040\000o\000f\000\040\000S\000i\000g\000h\000t\000\040\000a\000n\000d\000\040\000F\000r\000e\000s\000n\000e\000l\000\040\000Z\000o\000n\000e}{}% 17
\BOOKMARK [2][-]{section*.19}{\376\377\000L\000i\000n\000e\000\040\000o\000f\000\040\000S\000i\000g\000h\000t}{section*.18}% 18
\BOOKMARK [2][-]{section*.20}{\376\377\000F\000r\000e\000s\000n\000e\000l\000\040\000Z\000o\000n\000e}{section*.18}% 19
\BOOKMARK [1][-]{section*.21}{\376\377\000K\000M\000L\000\040\000V\000e\000c\000t\000o\000r\000\040\000D\000a\000t\000a}{}% 20
\BOOKMARK [1][-]{section*.22}{\376\377\000A\000d\000d\000i\000t\000i\000o\000n\000a\000l\000\040\000F\000e\000a\000t\000u\000r\000e\000s}{}% 21
\BOOKMARK [2][-]{section*.23}{\376\377\000D\000r\000a\000w\000\040\000D\000E\000M\000\040\000m\000a\000p}{section*.22}% 22
\BOOKMARK [2][-]{section*.24}{\376\377\000D\000r\000a\000w\000\040\000G\000r\000i\000d\000\040\000l\000i\000n\000e\000s}{section*.22}% 23
\BOOKMARK [2][-]{section*.25}{\376\377\000S\000w\000e\000e\000p\000\040\000o\000v\000e\000r\000\040\000a\000l\000l\000\040\000S\000F\000s}{section*.22}% 24
\BOOKMARK [1][-]{section*.26}{\376\377\000I\000m\000p\000o\000r\000t\000a\000n\000t\000\040\000V\000a\000r\000i\000a\000b\000l\000e\000s}{}% 25
\BOOKMARK [2][-]{section*.27}{\376\377\000S\000e\000n\000s\000o\000r\000g\000r\000i\000d}{section*.26}% 26
\BOOKMARK [2][-]{section*.28}{\376\377\000L\000i\000n\000k\000g\000r\000i\000d}{section*.26}% 27
\BOOKMARK [2][-]{section*.29}{\376\377\000d\000y\000n\000a\000m\000i\000c\000\040\000p\000r\000o\000p\000a\000g\000a\000t\000i\000o\000n\000\040\000m\000o\000d\000e\000l}{section*.26}% 28
\BOOKMARK [1][-]{section*.30}{\376\377\000I\000m\000p\000o\000r\000t\000a\000n\000t\000\040\000M\000e\000t\000h\000o\000d\000s}{}% 29
\BOOKMARK [2][-]{section*.31}{\376\377\000M\000a\000i\000n}{section*.30}% 30
\BOOKMARK [3][-]{section*.32}{\376\377\000g\000e\000n\000e\000r\000a\000t\000e\000\040\000m\000a\000p\000f\000r\000a\000m\000e\000s}{section*.31}% 31
\BOOKMARK [3][-]{section*.33}{\376\377\000s\000e\000t\000u\000p\000\040\000s\000e\000n\000s\000o\000r\000g\000r\000i\000d}{section*.31}% 32
\BOOKMARK [3][-]{section*.34}{\376\377\000p\000l\000a\000c\000e\000m\000e\000n\000t\000\040\000a\000c\000t\000i\000o\000n}{section*.31}% 33
\BOOKMARK [3][-]{section*.35}{\376\377\000c\000s\000v\000\040\000e\000x\000p\000o\000r\000t}{section*.31}% 34
\BOOKMARK [2][-]{section*.36}{\376\377\000M\000a\000p\000u\000t\000i\000l\000s}{section*.30}% 35
\BOOKMARK [3][-]{section*.37}{\376\377\000g\000e\000n\000e\000r\000a\000t\000e\000s\000c\000r\000e\000e\000n\000m\000a\000p}{section*.36}% 36
\BOOKMARK [3][-]{section*.38}{\376\377\000g\000e\000t\000e\000l\000e\000v\000a\000t\000i\000o\000n}{section*.36}% 37
\BOOKMARK [3][-]{section*.39}{\376\377\000r\000e\000a\000d\000k\000m\000l\000\040\000a\000n\000d\000\040\000k\000m\000l\000i\000n\000t\000e\000r\000s\000e\000c\000t\000s\000w\000i\000t\000h\000l\000i\000n\000e}{section*.36}% 38
\BOOKMARK [3][-]{section*.40}{\376\377\000c\000a\000l\000c\000u\000l\000a\000t\000e\000r\000s\000s\000i}{section*.36}% 39
\BOOKMARK [3][-]{section*.41}{\376\377\000c\000a\000l\000c\000u\000l\000a\000t\000e\000r\000e\000a\000c\000h\000a\000b\000i\000l\000i\000t\000y\000\040\000w\000i\000t\000h\000o\000u\000t\000\040\000h\000e\000i\000g\000h\000t}{section*.36}% 40
\BOOKMARK [3][-]{section*.42}{\376\377\000c\000a\000l\000c\000u\000l\000a\000t\000e\000r\000e\000a\000c\000h\000a\000b\000i\000l\000i\000t\000y\000\040\000w\000i\000t\000h\000\040\000h\000e\000i\000g\000h\000t}{section*.36}% 41
\BOOKMARK [3][-]{section*.43}{\376\377\000i\000s\000\040\000i\000n\000\040\000l\000i\000n\000e\000\040\000o\000f\000\040\000s\000i\000g\000h\000t}{section*.36}% 42
