This is pdfTeX, Version 3.141592653-2.6-1.40.23 (MiKTeX 21.7 Portable) (preloaded format=pdflatex 2021.8.5)  18 AUG 2021 16:29
entering extended mode
**./loraplan.tex
(loraplan.tex
LaTeX2e <2021-06-01> patch level 1
L3 programming layer <2021-07-12>
(C:\Users\noahm\zusatzprogramme\LaTeX\miktex-portable\texmfs\install\tex/latex/
base\article.cls
Document Class: article 2021/02/12 v1.4n Standard LaTeX document class

(C:\Users\noahm\zusatzprogramme\LaTeX\miktex-portable\texmfs\install\tex/latex/
base\size12.clo
File: size12.clo 2021/02/12 v1.4n Standard LaTeX file (size option)
)
\c@part=\count182
\c@section=\count183
\c@subsection=\count184
\c@subsubsection=\count185
\c@paragraph=\count186
\c@subparagraph=\count187
\c@figure=\count188
\c@table=\count189
\abovecaptionskip=\skip47
\belowcaptionskip=\skip48
\bibindent=\dimen138
)
(C:\Users\noahm\zusatzprogramme\LaTeX\miktex-portable\texmfs\install\tex/latex/
base\inputenc.sty
Package: inputenc 2021/02/14 v1.3d Input encoding file
\inpenc@prehook=\toks16
\inpenc@posthook=\toks17
)
(C:\Users\noahm\zusatzprogramme\LaTeX\miktex-portable\texmfs\install\tex/latex/
base\fontenc.sty
Package: fontenc 2021/04/29 v2.0v Standard LaTeX package
)
(C:\Users\noahm\zusatzprogramme\LaTeX\miktex-portable\texmfs\install\tex/latex/
amsmath\amsmath.sty
Package: amsmath 2021/04/20 v2.17j AMS math features
\@mathmargin=\skip49

For additional information on amsmath, use the `?' option.

(C:\Users\noahm\zusatzprogramme\LaTeX\miktex-portable\texmfs\install\tex/latex/
amsmath\amstext.sty
Package: amstext 2000/06/29 v2.01 AMS text

(C:\Users\noahm\zusatzprogramme\LaTeX\miktex-portable\texmfs\install\tex/latex/
amsmath\amsgen.sty
File: amsgen.sty 1999/11/30 v2.0 generic functions
\@emptytoks=\toks18
\ex@=\dimen139
))
(C:\Users\noahm\zusatzprogramme\LaTeX\miktex-portable\texmfs\install\tex/latex/
amsmath\amsbsy.sty
Package: amsbsy 1999/11/29 v1.2d Bold Symbols
\pmbraise@=\dimen140
)
(C:\Users\noahm\zusatzprogramme\LaTeX\miktex-portable\texmfs\install\tex/latex/
amsmath\amsopn.sty
Package: amsopn 2016/03/08 v2.02 operator names
)
\inf@bad=\count190
LaTeX Info: Redefining \frac on input line 234.
\uproot@=\count191
\leftroot@=\count192
LaTeX Info: Redefining \overline on input line 399.
\classnum@=\count193
\DOTSCASE@=\count194
LaTeX Info: Redefining \ldots on input line 496.
LaTeX Info: Redefining \dots on input line 499.
LaTeX Info: Redefining \cdots on input line 620.
\Mathstrutbox@=\box50
\strutbox@=\box51
\big@size=\dimen141
LaTeX Font Info:    Redeclaring font encoding OML on input line 743.
LaTeX Font Info:    Redeclaring font encoding OMS on input line 744.
\macc@depth=\count195
\c@MaxMatrixCols=\count196
\dotsspace@=\muskip16
\c@parentequation=\count197
\dspbrk@lvl=\count198
\tag@help=\toks19
\row@=\count199
\column@=\count266
\maxfields@=\count267
\andhelp@=\toks20
\eqnshift@=\dimen142
\alignsep@=\dimen143
\tagshift@=\dimen144
\tagwidth@=\dimen145
\totwidth@=\dimen146
\lineht@=\dimen147
\@envbody=\toks21
\multlinegap=\skip50
\multlinetaggap=\skip51
\mathdisplay@stack=\toks22
LaTeX Info: Redefining \[ on input line 2923.
LaTeX Info: Redefining \] on input line 2924.
)
(C:\Users\noahm\zusatzprogramme\LaTeX\miktex-portable\texmfs\install\tex/latex/
amsfonts\amsfonts.sty
Package: amsfonts 2013/01/14 v3.01 Basic AMSFonts support
\symAMSa=\mathgroup4
\symAMSb=\mathgroup5
LaTeX Font Info:    Redeclaring math symbol \hbar on input line 98.
LaTeX Font Info:    Overwriting math alphabet `\mathfrak' in version `bold'
(Font)                  U/euf/m/n --> U/euf/b/n on input line 106.
)
(C:\Users\noahm\zusatzprogramme\LaTeX\miktex-portable\texmfs\install\tex/latex/
amsfonts\amssymb.sty
Package: amssymb 2013/01/14 v3.01 AMS font symbols
)
(C:\Users\noahm\zusatzprogramme\LaTeX\miktex-portable\texmfs\install\tex/latex/
graphics\graphicx.sty
Package: graphicx 2020/12/05 v1.2c Enhanced LaTeX Graphics (DPC,SPQR)

(C:\Users\noahm\zusatzprogramme\LaTeX\miktex-portable\texmfs\install\tex/latex/
graphics\keyval.sty
Package: keyval 2014/10/28 v1.15 key=value parser (DPC)
\KV@toks@=\toks23
)
(C:\Users\noahm\zusatzprogramme\LaTeX\miktex-portable\texmfs\install\tex/latex/
graphics\graphics.sty
Package: graphics 2021/03/04 v1.4d Standard LaTeX Graphics (DPC,SPQR)

(C:\Users\noahm\zusatzprogramme\LaTeX\miktex-portable\texmfs\install\tex/latex/
graphics\trig.sty
Package: trig 2016/01/03 v1.10 sin cos tan (DPC)
)
(C:\Users\noahm\zusatzprogramme\LaTeX\miktex-portable\texmfs\install\tex/latex/
graphics-cfg\graphics.cfg
File: graphics.cfg 2016/06/04 v1.11 sample graphics configuration
)
Package graphics Info: Driver file: pdftex.def on input line 107.

(C:\Users\noahm\zusatzprogramme\LaTeX\miktex-portable\texmfs\install\tex/latex/
graphics-def\pdftex.def
File: pdftex.def 2020/10/05 v1.2a Graphics/color driver for pdftex
))
\Gin@req@height=\dimen148
\Gin@req@width=\dimen149
)
(C:\Users\noahm\zusatzprogramme\LaTeX\miktex-portable\texmfs\install\tex/latex/
geometry\geometry.sty
Package: geometry 2020/01/02 v5.9 Page Geometry

(C:\Users\noahm\zusatzprogramme\LaTeX\miktex-portable\texmfs\install\tex/generi
c/iftex\ifvtex.sty
Package: ifvtex 2019/10/25 v1.7 ifvtex legacy package. Use iftex instead.

(C:\Users\noahm\zusatzprogramme\LaTeX\miktex-portable\texmfs\install\tex/generi
c/iftex\iftex.sty
Package: iftex 2020/03/06 v1.0d TeX engine tests
))
\Gm@cnth=\count268
\Gm@cntv=\count269
\c@Gm@tempcnt=\count270
\Gm@bindingoffset=\dimen150
\Gm@wd@mp=\dimen151
\Gm@odd@mp=\dimen152
\Gm@even@mp=\dimen153
\Gm@layoutwidth=\dimen154
\Gm@layoutheight=\dimen155
\Gm@layouthoffset=\dimen156
\Gm@layoutvoffset=\dimen157
\Gm@dimlist=\toks24

(C:\Users\noahm\zusatzprogramme\LaTeX\miktex-portable\texmfs\install\tex/latex/
geometry\geometry.cfg))
(C:\Users\noahm\zusatzprogramme\LaTeX\miktex-portable\texmfs\install\tex/latex/
fancyhdr\fancyhdr.sty
Package: fancyhdr 2021/01/28 v4.0.1 Extensive control of page headers and foote
rs
\f@nch@headwidth=\skip52
\f@nch@O@elh=\skip53
\f@nch@O@erh=\skip54
\f@nch@O@olh=\skip55
\f@nch@O@orh=\skip56
\f@nch@O@elf=\skip57
\f@nch@O@erf=\skip58
\f@nch@O@olf=\skip59
\f@nch@O@orf=\skip60
)
(C:\Users\noahm\zusatzprogramme\LaTeX\miktex-portable\texmfs\install\tex/latex/
setspace\setspace.sty
Package: setspace 2011/12/19 v6.7a set line spacing
)
(C:\Users\noahm\zusatzprogramme\LaTeX\miktex-portable\texmfs\install\tex/latex/
hyperref\hyperref.sty
Package: hyperref 2021-06-07 v7.00m Hypertext links for LaTeX

(C:\Users\noahm\zusatzprogramme\LaTeX\miktex-portable\texmfs\install\tex/generi
c/ltxcmds\ltxcmds.sty
Package: ltxcmds 2020-05-10 v1.25 LaTeX kernel commands for general use (HO)
)
(C:\Users\noahm\zusatzprogramme\LaTeX\miktex-portable\texmfs\install\tex/generi
c/pdftexcmds\pdftexcmds.sty
Package: pdftexcmds 2020-06-27 v0.33 Utility functions of pdfTeX for LuaTeX (HO
)

(C:\Users\noahm\zusatzprogramme\LaTeX\miktex-portable\texmfs\install\tex/generi
c/infwarerr\infwarerr.sty
Package: infwarerr 2019/12/03 v1.5 Providing info/warning/error messages (HO)
)
Package pdftexcmds Info: \pdf@primitive is available.
Package pdftexcmds Info: \pdf@ifprimitive is available.
Package pdftexcmds Info: \pdfdraftmode found.
)
(C:\Users\noahm\zusatzprogramme\LaTeX\miktex-portable\texmfs\install\tex/generi
c/kvsetkeys\kvsetkeys.sty
Package: kvsetkeys 2019/12/15 v1.18 Key value parser (HO)
)
(C:\Users\noahm\zusatzprogramme\LaTeX\miktex-portable\texmfs\install\tex/generi
c/kvdefinekeys\kvdefinekeys.sty
Package: kvdefinekeys 2019-12-19 v1.6 Define keys (HO)
)
(C:\Users\noahm\zusatzprogramme\LaTeX\miktex-portable\texmfs\install\tex/generi
c/pdfescape\pdfescape.sty
Package: pdfescape 2019/12/09 v1.15 Implements pdfTeX's escape features (HO)
)
(C:\Users\noahm\zusatzprogramme\LaTeX\miktex-portable\texmfs\install\tex/latex/
hycolor\hycolor.sty
Package: hycolor 2020-01-27 v1.10 Color options for hyperref/bookmark (HO)
)
(C:\Users\noahm\zusatzprogramme\LaTeX\miktex-portable\texmfs\install\tex/latex/
letltxmacro\letltxmacro.sty
Package: letltxmacro 2019/12/03 v1.6 Let assignment for LaTeX macros (HO)
)
(C:\Users\noahm\zusatzprogramme\LaTeX\miktex-portable\texmfs\install\tex/latex/
auxhook\auxhook.sty
Package: auxhook 2019-12-17 v1.6 Hooks for auxiliary files (HO)
)
(C:\Users\noahm\zusatzprogramme\LaTeX\miktex-portable\texmfs\install\tex/latex/
kvoptions\kvoptions.sty
Package: kvoptions 2020-10-07 v3.14 Key value format for package options (HO)
)
\@linkdim=\dimen158
\Hy@linkcounter=\count271
\Hy@pagecounter=\count272

(C:\Users\noahm\zusatzprogramme\LaTeX\miktex-portable\texmfs\install\tex/latex/
hyperref\pd1enc.def
File: pd1enc.def 2021-06-07 v7.00m Hyperref: PDFDocEncoding definition (HO)
Now handling font encoding PD1 ...
... no UTF-8 mapping file for font encoding PD1
)
(C:\Users\noahm\zusatzprogramme\LaTeX\miktex-portable\texmfs\install\tex/latex/
hyperref\hyperref-langpatches.def
File: hyperref-langpatches.def 2021-06-07 v7.00m Hyperref: patches for babel la
nguages
)
(C:\Users\noahm\zusatzprogramme\LaTeX\miktex-portable\texmfs\install\tex/generi
c/intcalc\intcalc.sty
Package: intcalc 2019/12/15 v1.3 Expandable calculations with integers (HO)
)
(C:\Users\noahm\zusatzprogramme\LaTeX\miktex-portable\texmfs\install\tex/generi
c/etexcmds\etexcmds.sty
Package: etexcmds 2019/12/15 v1.7 Avoid name clashes with e-TeX commands (HO)
)
\Hy@SavedSpaceFactor=\count273

(C:\Users\noahm\zusatzprogramme\LaTeX\miktex-portable\texmfs\install\tex/latex/
hyperref\puenc.def
File: puenc.def 2021-06-07 v7.00m Hyperref: PDF Unicode definition (HO)
Now handling font encoding PU ...
... no UTF-8 mapping file for font encoding PU
)
Package hyperref Info: Hyper figures OFF on input line 4192.
Package hyperref Info: Link nesting OFF on input line 4197.
Package hyperref Info: Hyper index ON on input line 4200.
Package hyperref Info: Plain pages OFF on input line 4207.
Package hyperref Info: Backreferencing OFF on input line 4212.
Package hyperref Info: Implicit mode ON; LaTeX internals redefined.
Package hyperref Info: Bookmarks ON on input line 4445.
\c@Hy@tempcnt=\count274

(C:\Users\noahm\zusatzprogramme\LaTeX\miktex-portable\texmfs\install\tex/latex/
url\url.sty
\Urlmuskip=\muskip17
Package: url 2013/09/16  ver 3.4  Verb mode for urls, etc.
)
LaTeX Info: Redefining \url on input line 4804.
\XeTeXLinkMargin=\dimen159

(C:\Users\noahm\zusatzprogramme\LaTeX\miktex-portable\texmfs\install\tex/generi
c/bitset\bitset.sty
Package: bitset 2019/12/09 v1.3 Handle bit-vector datatype (HO)

(C:\Users\noahm\zusatzprogramme\LaTeX\miktex-portable\texmfs\install\tex/generi
c/bigintcalc\bigintcalc.sty
Package: bigintcalc 2019/12/15 v1.5 Expandable calculations on big integers (HO
)
))
\Fld@menulength=\count275
\Field@Width=\dimen160
\Fld@charsize=\dimen161
Package hyperref Info: Hyper figures OFF on input line 6076.
Package hyperref Info: Link nesting OFF on input line 6081.
Package hyperref Info: Hyper index ON on input line 6084.
Package hyperref Info: backreferencing OFF on input line 6091.
Package hyperref Info: Link coloring OFF on input line 6096.
Package hyperref Info: Link coloring with OCG OFF on input line 6101.
Package hyperref Info: PDF/A mode OFF on input line 6106.
LaTeX Info: Redefining \ref on input line 6146.
LaTeX Info: Redefining \pageref on input line 6150.

(C:\Users\noahm\zusatzprogramme\LaTeX\miktex-portable\texmfs\install\tex/latex/
base\atbegshi-ltx.sty
Package: atbegshi-ltx 2021/01/10 v1.0c Emulation of the original atbegshi
package with kernel methods
)
\Hy@abspage=\count276
\c@Item=\count277
\c@Hfootnote=\count278
)
Package hyperref Info: Driver (autodetected): hpdftex.

(C:\Users\noahm\zusatzprogramme\LaTeX\miktex-portable\texmfs\install\tex/latex/
hyperref\hpdftex.def
File: hpdftex.def 2021-06-07 v7.00m Hyperref driver for pdfTeX

(C:\Users\noahm\zusatzprogramme\LaTeX\miktex-portable\texmfs\install\tex/latex/
base\atveryend-ltx.sty
Package: atveryend-ltx 2020/08/19 v1.0a Emulation of the original atvery packag
e
with kernel methods
)
\Fld@listcount=\count279
\c@bookmark@seq@number=\count280

(C:\Users\noahm\zusatzprogramme\LaTeX\miktex-portable\texmfs\install\tex/latex/
rerunfilecheck\rerunfilecheck.sty
Package: rerunfilecheck 2019/12/05 v1.9 Rerun checks for auxiliary files (HO)

(C:\Users\noahm\zusatzprogramme\LaTeX\miktex-portable\texmfs\install\tex/generi
c/uniquecounter\uniquecounter.sty
Package: uniquecounter 2019/12/15 v1.4 Provide unlimited unique counter (HO)
)
Package uniquecounter Info: New unique counter `rerunfilecheck' on input line 2
86.
)
\Hy@SectionHShift=\skip61
)
(C:\Users\noahm\zusatzprogramme\LaTeX\miktex-portable\texmfs\install\tex/latex/
l3backend\l3backend-pdftex.def
File: l3backend-pdftex.def 2021-07-12 L3 backend support: PDF output (pdfTeX)
\l__color_backend_stack_int=\count281
\l__pdf_internal_box=\box52
) (loraplan.aux)
\openout1 = `loraplan.aux'.

LaTeX Font Info:    Checking defaults for OML/cmm/m/it on input line 32.
LaTeX Font Info:    ... okay on input line 32.
LaTeX Font Info:    Checking defaults for OMS/cmsy/m/n on input line 32.
LaTeX Font Info:    ... okay on input line 32.
LaTeX Font Info:    Checking defaults for OT1/cmr/m/n on input line 32.
LaTeX Font Info:    ... okay on input line 32.
LaTeX Font Info:    Checking defaults for T1/cmr/m/n on input line 32.
LaTeX Font Info:    ... okay on input line 32.
LaTeX Font Info:    Checking defaults for TS1/cmr/m/n on input line 32.
LaTeX Font Info:    ... okay on input line 32.
LaTeX Font Info:    Checking defaults for OMX/cmex/m/n on input line 32.
LaTeX Font Info:    ... okay on input line 32.
LaTeX Font Info:    Checking defaults for U/cmr/m/n on input line 32.
LaTeX Font Info:    ... okay on input line 32.
LaTeX Font Info:    Checking defaults for PD1/pdf/m/n on input line 32.
LaTeX Font Info:    ... okay on input line 32.
LaTeX Font Info:    Checking defaults for PU/pdf/m/n on input line 32.
LaTeX Font Info:    ... okay on input line 32.

(C:\Users\noahm\zusatzprogramme\LaTeX\miktex-portable\texmfs\install\tex/contex
t/base/mkii\supp-pdf.mkii
[Loading MPS to PDF converter (version 2006.09.02).]
\scratchcounter=\count282
\scratchdimen=\dimen162
\scratchbox=\box53
\nofMPsegments=\count283
\nofMParguments=\count284
\everyMPshowfont=\toks25
\MPscratchCnt=\count285
\MPscratchDim=\dimen163
\MPnumerator=\count286
\makeMPintoPDFobject=\count287
\everyMPtoPDFconversion=\toks26
)
(C:\Users\noahm\zusatzprogramme\LaTeX\miktex-portable\texmfs\install\tex/latex/
epstopdf-pkg\epstopdf-base.sty
Package: epstopdf-base 2020-01-24 v2.11 Base part for package epstopdf
Package epstopdf-base Info: Redefining graphics rule for `.eps' on input line 4
85.

(C:\Users\noahm\zusatzprogramme\LaTeX\miktex-portable\texmfs\install\tex/latex/
00miktex\epstopdf-sys.cfg
File: epstopdf-sys.cfg 2021/03/18 v2.0 Configuration of epstopdf for MiKTeX
))
*geometry* driver: auto-detecting
*geometry* detected driver: pdftex
*geometry* verbose mode - [ preamble ] result:
* driver: pdftex
* paper: a4paper
* layout: <same size as paper>
* layoutoffset:(h,v)=(0.0pt,0.0pt)
* modes: 
* h-part:(L,W,R)=(56.9055pt, 483.69687pt, 56.9055pt)
* v-part:(T,H,B)=(56.9055pt, 731.23584pt, 56.9055pt)
* \paperwidth=597.50787pt
* \paperheight=845.04684pt
* \textwidth=483.69687pt
* \textheight=731.23584pt
* \oddsidemargin=-15.36449pt
* \evensidemargin=-15.36449pt
* \topmargin=-52.36449pt
* \headheight=12.0pt
* \headsep=25.0pt
* \topskip=12.0pt
* \footskip=30.0pt
* \marginparwidth=35.0pt
* \marginparsep=10.0pt
* \columnsep=10.0pt
* \skip\footins=10.8pt plus 4.0pt minus 2.0pt
* \hoffset=0.0pt
* \voffset=0.0pt
* \mag=1000
* \@twocolumnfalse
* \@twosidefalse
* \@mparswitchfalse
* \@reversemarginfalse
* (1in=72.27pt=25.4mm, 1cm=28.453pt)

Package hyperref Info: Link coloring OFF on input line 32.

(C:\Users\noahm\zusatzprogramme\LaTeX\miktex-portable\texmfs\install\tex/latex/
hyperref\nameref.sty
Package: nameref 2021-04-02 v2.47 Cross-referencing by name of section

(C:\Users\noahm\zusatzprogramme\LaTeX\miktex-portable\texmfs\install\tex/latex/
refcount\refcount.sty
Package: refcount 2019/12/15 v3.6 Data extraction from label references (HO)
)
(C:\Users\noahm\zusatzprogramme\LaTeX\miktex-portable\texmfs\install\tex/generi
c/gettitlestring\gettitlestring.sty
Package: gettitlestring 2019/12/15 v1.6 Cleanup title references (HO)
)
\c@section@level=\count288
)
LaTeX Info: Redefining \ref on input line 32.
LaTeX Info: Redefining \pageref on input line 32.
LaTeX Info: Redefining \nameref on input line 32.
 (loraplan.out) (loraplan.out)
\@outlinefile=\write3
\openout3 = `loraplan.out'.

LaTeX Font Info:    Trying to load font information for U+msa on input line 34.


(C:\Users\noahm\zusatzprogramme\LaTeX\miktex-portable\texmfs\install\tex/latex/
amsfonts\umsa.fd
File: umsa.fd 2013/01/14 v3.01 AMS symbols A
)
LaTeX Font Info:    Trying to load font information for U+msb on input line 34.


(C:\Users\noahm\zusatzprogramme\LaTeX\miktex-portable\texmfs\install\tex/latex/
amsfonts\umsb.fd
File: umsb.fd 2013/01/14 v3.01 AMS symbols B
) (loraplan.toc [1

{C:/Users/noahm/zusatzprogramme/LaTeX/miktex-portable/texmfs/data/pdftex/config
/pdftex.map}])
\tf@toc=\write4
\openout4 = `loraplan.toc'.

 [2]

Package fancyhdr Warning: \headheight is too small (12.0pt): 
(fancyhdr)                Make it at least 14.49998pt, for example:
(fancyhdr)                \setlength{\headheight}{14.49998pt}.
(fancyhdr)                You might also make \topmargin smaller to compensate:

(fancyhdr)                \addtolength{\topmargin}{-2.49998pt}.

[3]
Underfull \hbox (badness 10000) in paragraph at lines 106--128

 []


Underfull \hbox (badness 10000) in paragraph at lines 106--128

 []


Underfull \hbox (badness 10000) in paragraph at lines 106--128

 []


Underfull \hbox (badness 10000) in paragraph at lines 106--128

 []


Package fancyhdr Warning: \headheight is too small (12.0pt): 
(fancyhdr)                Make it at least 14.49998pt, for example:
(fancyhdr)                \setlength{\headheight}{14.49998pt}.
(fancyhdr)                You might also make \topmargin smaller to compensate:

(fancyhdr)                \addtolength{\topmargin}{-2.49998pt}.

[4]
Underfull \hbox (badness 10000) in paragraph at lines 129--136

 []


Underfull \hbox (badness 10000) in paragraph at lines 129--136

 []


Underfull \hbox (badness 10000) in paragraph at lines 129--136

 []


Package fancyhdr Warning: \headheight is too small (12.0pt): 
(fancyhdr)                Make it at least 14.49998pt, for example:
(fancyhdr)                \setlength{\headheight}{14.49998pt}.
(fancyhdr)                You might also make \topmargin smaller to compensate:

(fancyhdr)                \addtolength{\topmargin}{-2.49998pt}.

[5]
Underfull \hbox (badness 10000) in paragraph at lines 139--147

 []


Underfull \hbox (badness 10000) in paragraph at lines 139--147

 []


Underfull \hbox (badness 10000) in paragraph at lines 139--147

 []


Underfull \hbox (badness 10000) in paragraph at lines 148--188

 []


Underfull \hbox (badness 10000) in paragraph at lines 148--188

 []


Underfull \hbox (badness 10000) in paragraph at lines 148--188

 []


Underfull \hbox (badness 10000) in paragraph at lines 148--188

 []


Underfull \hbox (badness 10000) in paragraph at lines 148--188

 []


Underfull \hbox (badness 10000) in paragraph at lines 148--188

 []


Underfull \hbox (badness 10000) in paragraph at lines 148--188

 []


Underfull \hbox (badness 10000) in paragraph at lines 148--188

 []


Underfull \hbox (badness 10000) in paragraph at lines 148--188

 []


Underfull \hbox (badness 10000) in paragraph at lines 148--188

 []


Package fancyhdr Warning: \headheight is too small (12.0pt): 
(fancyhdr)                Make it at least 14.49998pt, for example:
(fancyhdr)                \setlength{\headheight}{14.49998pt}.
(fancyhdr)                You might also make \topmargin smaller to compensate:

(fancyhdr)                \addtolength{\topmargin}{-2.49998pt}.

[6]
Underfull \hbox (badness 10000) in paragraph at lines 189--207

 []


Underfull \hbox (badness 10000) in paragraph at lines 189--207

 []


Underfull \hbox (badness 10000) in paragraph at lines 189--207

 []


Underfull \hbox (badness 10000) in paragraph at lines 189--207

 []


Underfull \hbox (badness 10000) in paragraph at lines 189--207

 []


Underfull \hbox (badness 10000) in paragraph at lines 189--207

 []


Underfull \hbox (badness 10000) in paragraph at lines 189--207

 []


Underfull \hbox (badness 10000) in paragraph at lines 208--230

 []


Underfull \hbox (badness 10000) in paragraph at lines 208--230

 []


Underfull \hbox (badness 10000) in paragraph at lines 208--230

 []


Package fancyhdr Warning: \headheight is too small (12.0pt): 
(fancyhdr)                Make it at least 14.49998pt, for example:
(fancyhdr)                \setlength{\headheight}{14.49998pt}.
(fancyhdr)                You might also make \topmargin smaller to compensate:

(fancyhdr)                \addtolength{\topmargin}{-2.49998pt}.

[7]
Underfull \hbox (badness 10000) in paragraph at lines 238--246

 []


Underfull \hbox (badness 10000) in paragraph at lines 238--246

 []


Package fancyhdr Warning: \headheight is too small (12.0pt): 
(fancyhdr)                Make it at least 14.49998pt, for example:
(fancyhdr)                \setlength{\headheight}{14.49998pt}.
(fancyhdr)                You might also make \topmargin smaller to compensate:

(fancyhdr)                \addtolength{\topmargin}{-2.49998pt}.

[8]
Underfull \hbox (badness 10000) in paragraph at lines 259--274

 []


Underfull \hbox (badness 10000) in paragraph at lines 275--288

 []


Package fancyhdr Warning: \headheight is too small (12.0pt): 
(fancyhdr)                Make it at least 14.49998pt, for example:
(fancyhdr)                \setlength{\headheight}{14.49998pt}.
(fancyhdr)                You might also make \topmargin smaller to compensate:

(fancyhdr)                \addtolength{\topmargin}{-2.49998pt}.

[9]

Package fancyhdr Warning: \headheight is too small (12.0pt): 
(fancyhdr)                Make it at least 14.49998pt, for example:
(fancyhdr)                \setlength{\headheight}{14.49998pt}.
(fancyhdr)                You might also make \topmargin smaller to compensate:

(fancyhdr)                \addtolength{\topmargin}{-2.49998pt}.

[10]

Package fancyhdr Warning: \headheight is too small (12.0pt): 
(fancyhdr)                Make it at least 14.49998pt, for example:
(fancyhdr)                \setlength{\headheight}{14.49998pt}.
(fancyhdr)                You might also make \topmargin smaller to compensate:

(fancyhdr)                \addtolength{\topmargin}{-2.49998pt}.

[11] (loraplan.lot)
\tf@lot=\write5
\openout5 = `loraplan.lot'.

 (loraplan.bbl
Underfull \hbox (badness 1005) in paragraph at lines 40--43
[]\T1/cmr/m/n/12 ``Sx1276 datasheet - semtech,'' ac-cessed 2021-04-26. [On-line
]. Avail-
 []


Underfull \hbox (badness 1852) in paragraph at lines 40--43
\T1/cmr/m/n/12 able: []$https : / / semtech . my . salesforce . com / sfc / p /
 #E0000000JelG / a / 2R0000001Rbr /
 []


Underfull \hbox (badness 1005) in paragraph at lines 46--49
[]\T1/cmr/m/n/12 ``Sx1257 datasheet - semtech,'' ac-cessed 2021-04-26. [On-line
]. Avail-
 []

)

Package fancyhdr Warning: \headheight is too small (12.0pt): 
(fancyhdr)                Make it at least 14.49998pt, for example:
(fancyhdr)                \setlength{\headheight}{14.49998pt}.
(fancyhdr)                You might also make \topmargin smaller to compensate:

(fancyhdr)                \addtolength{\topmargin}{-2.49998pt}.

[12] (loraplan.aux)
Package rerunfilecheck Info: File `loraplan.out' has not changed.
(rerunfilecheck)             Checksum: 4D9F3C575A2AF3D1849E3EAE338A2A1B;5727.
 ) 
Here is how much of TeX's memory you used:
 10007 strings out of 478870
 149437 string characters out of 2837917
 461726 words of memory out of 3000000
 27703 multiletter control sequences out of 15000+600000
 417095 words of font info for 65 fonts, out of 8000000 for 9000
 1141 hyphenation exceptions out of 8191
 60i,11n,66p,1178b,361s stack positions out of 5000i,500n,10000p,200000b,80000s
 <C:\Users\noahm\zusatzprogramme\LaTeX\miktex-portable\texmfs/data\fonts/pk/l
jfour/jknappen/ec/dpi600\ecti1200.pk> <C:\Users\noahm\zusatzprogramme\LaTeX\mik
tex-portable\texmfs/data\fonts/pk/ljfour/jknappen/ec/dpi600\tcrm1200.pk> <C:\Us
ers\noahm\zusatzprogramme\LaTeX\miktex-portable\texmfs/data\fonts/pk/ljfour/jkn
appen/ec/dpi600\ecbx1440.pk> <C:\Users\noahm\zusatzprogramme\LaTeX\miktex-porta
ble\texmfs/data\fonts/pk/ljfour/jknappen/ec/dpi600\ecrm1200.pk> <C:\Users\noahm
\zusatzprogramme\LaTeX\miktex-portable\texmfs/data\fonts/pk/ljfour/jknappen/ec/
dpi600\ecbx1200.pk> <C:\Users\noahm\zusatzprogramme\LaTeX\miktex-portable\texmf
s/data\fonts/pk/ljfour/jknappen/ec/dpi600\ecbx1728.pk> <C:\Users\noahm\zusatzpr
ogramme\LaTeX\miktex-portable\texmfs/data\fonts/pk/ljfour/jknappen/ec/dpi600\ec
rm2074.pk><C:/Users/noahm/zusatzprogramme/LaTeX/miktex-portable/texmfs/install/
fonts/type1/public/amsfonts/cm/cmex10.pfb><C:/Users/noahm/zusatzprogramme/LaTeX
/miktex-portable/texmfs/install/fonts/type1/public/amsfonts/cm/cmmi12.pfb><C:/U
sers/noahm/zusatzprogramme/LaTeX/miktex-portable/texmfs/install/fonts/type1/pub
lic/amsfonts/cm/cmmi6.pfb><C:/Users/noahm/zusatzprogramme/LaTeX/miktex-portable
/texmfs/install/fonts/type1/public/amsfonts/cm/cmmi8.pfb><C:/Users/noahm/zusatz
programme/LaTeX/miktex-portable/texmfs/install/fonts/type1/public/amsfonts/cm/c
mr12.pfb><C:/Users/noahm/zusatzprogramme/LaTeX/miktex-portable/texmfs/install/f
onts/type1/public/amsfonts/cm/cmr6.pfb><C:/Users/noahm/zusatzprogramme/LaTeX/mi
ktex-portable/texmfs/install/fonts/type1/public/amsfonts/cm/cmr8.pfb><C:/Users/
noahm/zusatzprogramme/LaTeX/miktex-portable/texmfs/install/fonts/type1/public/a
msfonts/cm/cmsy10.pfb><C:/Users/noahm/zusatzprogramme/LaTeX/miktex-portable/tex
mfs/install/fonts/type1/public/amsfonts/cm/cmsy6.pfb><C:/Users/noahm/zusatzprog
ramme/LaTeX/miktex-portable/texmfs/install/fonts/type1/public/amsfonts/cm/cmsy8
.pfb>
Output written on loraplan.pdf (12 pages, 273322 bytes).
PDF statistics:
 671 PDF objects out of 1000 (max. 8388607)
 75 named destinations out of 1000 (max. 500000)
 337 words of extra memory for PDF output out of 10000 (max. 10000000)

